<?xml version="1.0" encoding="UTF-8"?>
<!-- Generated by org.testng.reporters.JUnitReportReporter -->
<testsuite hostname="Bipin" failures="0" tests="1" name="vaccine_Tests.Test_VaccineFinder" time="8.142" errors="0" timestamp="2024-01-15T20:52:08 IST" skipped="0">
  <testcase classname="vaccine_Tests.Test_VaccineFinder" name="clickonCovidCases" time="8.142"/>
</testsuite> <!-- vaccine_Tests.Test_VaccineFinder -->
