<?xml version="1.0" encoding="UTF-8"?>
<!-- Generated by org.testng.reporters.JUnitReportReporter -->
<testsuite hostname="Bipin" failures="0" tests="1" name="vaccinefinderweb.vaccinefinderweb.Test_VaccineFinder" time="9.525" errors="0" timestamp="2024-01-15T17:01:48 IST" skipped="0">
  <testcase classname="vaccinefinderweb.vaccinefinderweb.Test_VaccineFinder" name="clickoncovidcases" time="9.525"/>
</testsuite> <!-- vaccinefinderweb.vaccinefinderweb.Test_VaccineFinder -->
